<?xml version="1.0" encoding="UTF-8"?>
<!-- Generated by org.testng.reporters.JUnitReportReporter -->
<testsuite hostname="DESKTOP-NAVVCOA" failures="0" tests="1" name="com.bridgelabz.test.Amazon" time="7.987" errors="0" timestamp="2023-03-02T23:12:25 IST" skipped="0">
  <testcase classname="com.bridgelabz.test.Amazon" name="returnOrders" time="7.987"/>
  <system-out/>
</testsuite> <!-- com.bridgelabz.test.Amazon -->
