<?xml version="1.0" encoding="UTF-8"?>
<!-- Generated by org.testng.reporters.JUnitReportReporter -->
<testsuite hostname="DESKTOP-NAVVCOA" failures="0" tests="1" name="com.bridgelabz.test.WindowHandling" time="6.676" errors="0" timestamp="2023-03-02T23:12:25 IST" skipped="0">
  <testcase classname="com.bridgelabz.test.WindowHandling" name="getWindowAndHandleIt" time="6.676"/>
  <system-out/>
</testsuite> <!-- com.bridgelabz.test.WindowHandling -->
