<?xml version="1.0" encoding="UTF-8"?>
<!-- Generated by org.testng.reporters.JUnitReportReporter -->
<testsuite hostname="DESKTOP-NAVVCOA" failures="0" tests="3" name="com.bridgelabz.test.FbSelectClass" time="18.830" errors="0" timestamp="2023-03-02T23:12:25 IST" skipped="0">
  <testcase classname="com.bridgelabz.test.FbSelectClass" name="CreateScreen" time="16.922"/>
  <system-out/>
  <testcase classname="com.bridgelabz.test.FbSelectClass" name="RedirectOnToFbScreen_IdDisplayedImg" time="1.018"/>
  <system-out/>
  <testcase classname="com.bridgelabz.test.FbSelectClass" name="NavigateOnFbLoginScreen_Success" time="0.890"/>
  <system-out/>
</testsuite> <!-- com.bridgelabz.test.FbSelectClass -->
