<?xml version="1.0" encoding="UTF-8"?>
<!-- Generated by org.testng.reporters.JUnitReportReporter -->
<testsuite hostname="DESKTOP-NAVVCOA" failures="0" tests="1" name="com.bridgelabz.test.TestScript" time="7.894" errors="0" timestamp="2023-03-02T23:12:25 IST" skipped="0">
  <testcase classname="com.bridgelabz.test.TestScript" name="WebinarScreen" time="7.894"/>
  <system-out/>
</testsuite> <!-- com.bridgelabz.test.TestScript -->
